Copying from /c/Users/Maria Isabel/AIs/AI-0083 to cepa@arquivos.atp.usp.br:/work/PUBLICACAO/atividades-interativas/AI-0083
building file list ... done
./
AI-0083_SCO.zip
index.html
css/
css/style.css
css/smoothness/
css/smoothness/jquery-ui-1.8.19.custom.css
css/smoothness/images/
css/smoothness/images/ui-bg_flat_0_aaaaaa_40x100.png
css/smoothness/images/ui-bg_flat_75_ffffff_40x100.png
css/smoothness/images/ui-bg_glass_55_fbf9ee_1x400.png
css/smoothness/images/ui-bg_glass_65_ffffff_1x400.png
css/smoothness/images/ui-bg_glass_75_dadada_1x400.png
css/smoothness/images/ui-bg_glass_75_e6e6e6_1x400.png
css/smoothness/images/ui-bg_glass_95_fef1ec_1x400.png
css/smoothness/images/ui-bg_highlight-soft_75_cccccc_1x100.png
css/smoothness/images/ui-icons_222222_256x240.png
css/smoothness/images/ui-icons_2e83ff_256x240.png
css/smoothness/images/ui-icons_454545_256x240.png
css/smoothness/images/ui-icons_888888_256x240.png
css/smoothness/images/ui-icons_cd0a0a_256x240.png
img/
img/ex5.gif
js/
js/SCORM_API_wrapper.js
js/jquery-1.4.2.min.js
js/jquery-ui-1.8.6.custom.min.js
js/scorm-config.js
js/swfobject.js
swf/
swf/AI-0083.swf
swf/AI_Loader.swf
swf/expressInstall.swf

sent 5706 bytes  received 6281 bytes  7991.33 bytes/sec
total size is 659009  speedup is 54.98
